
[2024-05-24 15:32:22] Starting backup process.
[2024-05-24 15:32:22] Creating backup of Similar_Design_Finder_Dev database.
[2024-05-24 15:32:22] Successfully created backup of Similar_Design_Finder_Dev database.
[2024-05-24 15:32:22] Creating backup of Similar_Design_Finder_Prod database.
[2024-05-24 15:32:23] Successfully created backup of Similar_Design_Finder_Prod database.
[2024-05-24 15:32:23] Uploading Similar_Design_Finder_Dev database backup to Google Drive.
[2024-05-24 15:32:26] Successfully uploaded Similar_Design_Finder_Dev database backup to Google Drive.
[2024-05-24 15:32:26] Uploading Similar_Design_Finder_Prod database backup to Google Drive.
[2024-05-24 15:32:29] Successfully uploaded Similar_Design_Finder_Prod database backup to Google Drive.
[2024-05-24 15:32:29] Deleting local backups.
[2024-05-24 15:32:29] Backup process completed.
[2024-05-24 15:32:40] Starting backup process.
[2024-05-24 15:32:40] Creating backup of Similar_Design_Finder_Dev database.
[2024-05-24 15:32:40] Successfully created backup of Similar_Design_Finder_Dev database.
[2024-05-24 15:32:40] Creating backup of Similar_Design_Finder_Prod database.
[2024-05-24 15:32:40] Successfully created backup of Similar_Design_Finder_Prod database.
[2024-05-24 15:32:40] Uploading Similar_Design_Finder_Dev database backup to Google Drive.
[2024-05-24 15:32:43] Successfully uploaded Similar_Design_Finder_Dev database backup to Google Drive.
[2024-05-24 15:32:43] Uploading Similar_Design_Finder_Prod database backup to Google Drive.
[2024-05-24 15:32:45] Successfully uploaded Similar_Design_Finder_Prod database backup to Google Drive.
[2024-05-24 15:32:45] Deleting local backups.
[2024-05-24 15:32:45] Backup process completed.
[2024-05-24 15:35:01] Starting backup process.
[2024-05-24 15:35:01] Creating backup of Similar_Design_Finder_Dev database.
[2024-05-24 15:35:02] Successfully created backup of Similar_Design_Finder_Dev database.
[2024-05-24 15:35:02] Creating backup of Similar_Design_Finder_Prod database.
[2024-05-24 15:35:02] Successfully created backup of Similar_Design_Finder_Prod database.
[2024-05-24 15:35:02] Uploading Similar_Design_Finder_Dev database backup to Google Drive.
[2024-05-24 15:35:04] Successfully uploaded Similar_Design_Finder_Dev database backup to Google Drive.
[2024-05-24 15:35:04] Uploading Similar_Design_Finder_Prod database backup to Google Drive.
[2024-05-24 15:35:06] Successfully uploaded Similar_Design_Finder_Prod database backup to Google Drive.
[2024-05-24 15:35:06] Deleting local backups.
[2024-05-24 15:35:06] Backup process completed.
[2024-05-25 03:00:01] Starting backup process.
[2024-05-25 03:00:01] Creating backup of Similar_Design_Finder_Dev database.
[2024-05-25 03:00:01] Successfully created backup of Similar_Design_Finder_Dev database.
[2024-05-25 03:00:01] Creating backup of Similar_Design_Finder_Prod database.
[2024-05-25 03:00:02] Successfully created backup of Similar_Design_Finder_Prod database.
[2024-05-25 03:00:02] Uploading Similar_Design_Finder_Dev database backup to Google Drive.
[2024-05-25 03:00:05] Successfully uploaded Similar_Design_Finder_Dev database backup to Google Drive.
[2024-05-25 03:00:05] Uploading Similar_Design_Finder_Prod database backup to Google Drive.
[2024-05-25 03:00:07] Successfully uploaded Similar_Design_Finder_Prod database backup to Google Drive.
[2024-05-25 03:00:07] Deleting local backups.
[2024-05-25 03:00:07] Backup process completed.
[2024-05-26 03:03:05] Starting backup process.
[2024-05-26 03:03:05] Creating backup of Similar_Design_Finder_Dev database.
[2024-05-26 03:04:01] Successfully created backup of Similar_Design_Finder_Dev database.
[2024-05-26 03:04:01] Creating backup of Similar_Design_Finder_Prod database.
[2024-05-26 03:04:02] Successfully created backup of Similar_Design_Finder_Prod database.
[2024-05-26 03:04:02] Uploading Similar_Design_Finder_Dev database backup to Google Drive.
[2024-05-26 03:04:04] Successfully uploaded Similar_Design_Finder_Dev database backup to Google Drive.
[2024-05-26 03:04:04] Uploading Similar_Design_Finder_Prod database backup to Google Drive.
[2024-05-26 03:04:07] Successfully uploaded Similar_Design_Finder_Prod database backup to Google Drive.
[2024-05-26 03:04:07] Deleting local backups.
[2024-05-26 03:04:07] Backup process completed.
[2024-05-27 03:00:01] Starting backup process.
[2024-05-27 03:00:01] Creating backup of Similar_Design_Finder_Dev database.
[2024-05-27 03:00:01] Successfully created backup of Similar_Design_Finder_Dev database.
[2024-05-27 03:00:01] Creating backup of Similar_Design_Finder_Prod database.
[2024-05-27 03:00:02] Successfully created backup of Similar_Design_Finder_Prod database.
[2024-05-27 03:00:02] Uploading Similar_Design_Finder_Dev database backup to Google Drive.
[2024-05-27 03:00:04] Successfully uploaded Similar_Design_Finder_Dev database backup to Google Drive.
[2024-05-27 03:00:04] Uploading Similar_Design_Finder_Prod database backup to Google Drive.
[2024-05-27 03:00:07] Successfully uploaded Similar_Design_Finder_Prod database backup to Google Drive.
[2024-05-27 03:00:07] Deleting local backups.
[2024-05-27 03:00:07] Backup process completed.
[2024-05-27 20:08:47] Starting backup process.
[2024-05-27 20:08:47] Creating backup of Similar_Design_Finder_Dev database.
[2024-05-27 20:08:47] Successfully created backup of Similar_Design_Finder_Dev database.
[2024-05-27 20:08:47] Creating backup of Similar_Design_Finder_Prod database.
[2024-05-27 20:08:48] Successfully created backup of Similar_Design_Finder_Prod database.
[2024-05-27 20:08:48] Creating backup of MinIO data.
[2024-05-27 20:08:51] Successfully created backup of MinIO data.
[2024-05-27 20:08:51] Uploading Similar_Design_Finder_Dev database backup to Google Drive.
[2024-05-27 20:08:54] Successfully uploaded Similar_Design_Finder_Dev database backup to Google Drive.
[2024-05-27 20:08:54] Uploading Similar_Design_Finder_Prod database backup to Google Drive.
[2024-05-27 20:08:56] Successfully uploaded Similar_Design_Finder_Prod database backup to Google Drive.
[2024-05-27 20:08:56] Uploading MinIO data backup to Google Drive.
[2024-05-27 20:08:59] Successfully uploaded MinIO data backup to Google Drive.
[2024-05-27 20:08:59] Deleting local backups.
[2024-05-27 20:08:59] Backup process completed.
[2024-05-27 20:12:40] Starting backup process.
[2024-05-27 20:12:40] Creating backup of Similar_Design_Finder_Dev database.
[2024-05-27 20:12:41] Successfully created backup of Similar_Design_Finder_Dev database.
[2024-05-27 20:12:41] Creating backup of Similar_Design_Finder_Prod database.
[2024-05-27 20:12:42] Successfully created backup of Similar_Design_Finder_Prod database.
[2024-05-27 20:12:42] Creating backup of MinIO data.
[2024-05-27 20:12:43] Successfully created backup of MinIO data.
[2024-05-27 20:12:43] Uploading Similar_Design_Finder_Dev database backup to Google Drive.
[2024-05-27 20:12:46] Successfully uploaded Similar_Design_Finder_Dev database backup to Google Drive.
[2024-05-27 20:12:46] Uploading Similar_Design_Finder_Prod database backup to Google Drive.
[2024-05-27 20:12:48] Successfully uploaded Similar_Design_Finder_Prod database backup to Google Drive.
[2024-05-27 20:12:48] Uploading MinIO data backup to Google Drive.
[2024-05-27 20:12:51] Successfully uploaded MinIO data backup to Google Drive.
[2024-05-27 20:12:51] Deleting local backups.
[2024-05-27 20:12:51] Backup process completed.
[2024-05-28 03:00:01] Starting backup process.
[2024-05-28 03:00:01] Creating backup of Similar_Design_Finder_Dev database.
[2024-05-28 03:00:02] Successfully created backup of Similar_Design_Finder_Dev database.
[2024-05-28 03:00:02] Creating backup of Similar_Design_Finder_Prod database.
[2024-05-28 03:00:02] Successfully created backup of Similar_Design_Finder_Prod database.
[2024-05-28 03:00:02] Creating backup of MinIO data.
[2024-05-28 03:00:03] Successfully created backup of MinIO data.
[2024-05-28 03:00:03] Uploading Similar_Design_Finder_Dev database backup to Google Drive.
[2024-05-28 03:00:06] Successfully uploaded Similar_Design_Finder_Dev database backup to Google Drive.
[2024-05-28 03:00:06] Uploading Similar_Design_Finder_Prod database backup to Google Drive.
[2024-05-28 03:00:09] Successfully uploaded Similar_Design_Finder_Prod database backup to Google Drive.
[2024-05-28 03:00:09] Uploading MinIO data backup to Google Drive.
[2024-05-28 03:00:11] Successfully uploaded MinIO data backup to Google Drive.
[2024-05-28 03:00:11] Deleting local backups.
[2024-05-28 03:00:11] Backup process completed.
[2024-05-29 03:00:01] Starting backup process.
[2024-05-29 03:00:01] Creating backup of Similar_Design_Finder_Dev database.
[2024-05-29 03:00:02] Successfully created backup of Similar_Design_Finder_Dev database.
[2024-05-29 03:00:02] Creating backup of Similar_Design_Finder_Prod database.
[2024-05-29 03:00:02] Successfully created backup of Similar_Design_Finder_Prod database.
[2024-05-29 03:00:02] Creating backup of MinIO data.
[2024-05-29 03:00:03] Successfully created backup of MinIO data.
[2024-05-29 03:00:03] Uploading Similar_Design_Finder_Dev database backup to Google Drive.
[2024-05-29 03:00:06] Successfully uploaded Similar_Design_Finder_Dev database backup to Google Drive.
[2024-05-29 03:00:06] Uploading Similar_Design_Finder_Prod database backup to Google Drive.
[2024-05-29 03:00:09] Successfully uploaded Similar_Design_Finder_Prod database backup to Google Drive.
[2024-05-29 03:00:09] Uploading MinIO data backup to Google Drive.
[2024-05-29 03:00:11] Successfully uploaded MinIO data backup to Google Drive.
[2024-05-29 03:00:11] Deleting local backups.
[2024-05-29 03:00:11] Backup process completed.
[2024-05-30 03:00:01] Starting backup process.
[2024-05-30 03:00:01] Creating backup of Similar_Design_Finder_Dev database.
[2024-05-30 03:00:02] Successfully created backup of Similar_Design_Finder_Dev database.
[2024-05-30 03:00:02] Creating backup of Similar_Design_Finder_Prod database.
[2024-05-30 03:00:03] Successfully created backup of Similar_Design_Finder_Prod database.
[2024-05-30 03:00:03] Creating backup of MinIO data.
[2024-05-30 03:00:04] Successfully created backup of MinIO data.
[2024-05-30 03:00:04] Uploading Similar_Design_Finder_Dev database backup to Google Drive.
[2024-05-30 03:00:07] Successfully uploaded Similar_Design_Finder_Dev database backup to Google Drive.
[2024-05-30 03:00:07] Uploading Similar_Design_Finder_Prod database backup to Google Drive.
[2024-05-30 03:00:09] Successfully uploaded Similar_Design_Finder_Prod database backup to Google Drive.
[2024-05-30 03:00:09] Uploading MinIO data backup to Google Drive.
[2024-05-30 03:00:11] Successfully uploaded MinIO data backup to Google Drive.
[2024-05-30 03:00:11] Deleting local backups.
[2024-05-30 03:00:11] Backup process completed.
[2024-06-02 03:00:01] Starting backup process.
[2024-06-02 03:00:01] Creating backup of Similar_Design_Finder_Dev database.
[2024-06-02 03:00:03] Successfully created backup of Similar_Design_Finder_Dev database.
[2024-06-02 03:00:03] Creating backup of Similar_Design_Finder_Prod database.
[2024-06-02 03:00:04] Successfully created backup of Similar_Design_Finder_Prod database.
[2024-06-02 03:00:04] Creating backup of MinIO data.
[2024-06-02 03:00:05] Successfully created backup of MinIO data.
[2024-06-02 03:00:05] Uploading Similar_Design_Finder_Dev database backup to Google Drive.
[2024-06-02 03:00:08] Successfully uploaded Similar_Design_Finder_Dev database backup to Google Drive.
[2024-06-02 03:00:08] Uploading Similar_Design_Finder_Prod database backup to Google Drive.
[2024-06-02 03:00:10] Successfully uploaded Similar_Design_Finder_Prod database backup to Google Drive.
[2024-06-02 03:00:10] Uploading MinIO data backup to Google Drive.
[2024-06-02 03:00:12] Successfully uploaded MinIO data backup to Google Drive.
[2024-06-02 03:00:12] Deleting local backups.
[2024-06-02 03:00:12] Backup process completed.
[2024-06-03 03:00:01] Starting backup process.
[2024-06-03 03:00:01] Creating backup of Similar_Design_Finder_Dev database.
[2024-06-03 03:00:02] Successfully created backup of Similar_Design_Finder_Dev database.
[2024-06-03 03:00:02] Creating backup of Similar_Design_Finder_Prod database.
[2024-06-03 03:00:03] Successfully created backup of Similar_Design_Finder_Prod database.
[2024-06-03 03:00:03] Creating backup of MinIO data.
[2024-06-03 03:00:04] Successfully created backup of MinIO data.
[2024-06-03 03:00:04] Uploading Similar_Design_Finder_Dev database backup to Google Drive.
[2024-06-03 03:00:07] Successfully uploaded Similar_Design_Finder_Dev database backup to Google Drive.
[2024-06-03 03:00:07] Uploading Similar_Design_Finder_Prod database backup to Google Drive.
[2024-06-03 03:00:09] Successfully uploaded Similar_Design_Finder_Prod database backup to Google Drive.
[2024-06-03 03:00:09] Uploading MinIO data backup to Google Drive.
[2024-06-03 03:00:11] Successfully uploaded MinIO data backup to Google Drive.
[2024-06-03 03:00:11] Deleting local backups.
[2024-06-03 03:00:11] Backup process completed.
